<?xml version="1.0" encoding="UTF-8"?>
<!-- Generated by org.testng.reporters.JUnitReportReporter -->
<testsuite skipped="0" hostname="DESKTOP-KI65OIA" name="Demo.Demo_class" tests="9" failures="0" timestamp="2022-01-04T15:39:25 ICT" time="9.810" errors="0">
  <testcase name="openApp" time="3.876" classname="Demo.Demo_class"/>
  <system-out/>
  <testcase name="channel" time="0.147" classname="Demo.Demo_class"/>
  <system-out/>
  <testcase name="FeedStatusTitle" time="0.392" classname="Demo.Demo_class"/>
  <system-out/>
  <testcase name="MapProduct" time="1.090" classname="Demo.Demo_class"/>
  <system-out/>
  <testcase name="SelectProducts" time="1.512" classname="Demo.Demo_class"/>
  <system-out/>
  <testcase name="SelectCountryOfSale" time="0.445" classname="Demo.Demo_class"/>
  <system-out/>
  <testcase name="SelectLanguage" time="0.254" classname="Demo.Demo_class"/>
  <system-out/>
  <testcase name="SelectCurrency" time="1.336" classname="Demo.Demo_class"/>
  <system-out/>
  <testcase name="SelectScheduleSync" time="0.758" classname="Demo.Demo_class"/>
  <system-out/>
</testsuite> <!-- Demo.Demo_class -->
